<testsuite name="Mocha Tests" tests="1" failures="0" errors="0" skipped="0" timestamp="Fri, 22 Mar 2019 06:22:13 GMT" time="0.104">
<testcase classname="Unit Test" name="Should start express server and respond to &#x27;/&#x27; route" time="0.061"/>
</testsuite>
